/*C1*/SET SCHEMA SYSTEM_LOBS
INSERT INTO BLOCKS VALUES(0,2147483647,0)
COMMIT
/*C2*/SET SCHEMA PUBLIC
DISCONNECT
/*C4*/SET SCHEMA PUBLIC
drop table sold_item if exists
drop table stock_item if exists
create table sold_item (id bigint generated by default as identity (start with 1), name varchar(255), price double, quantity integer, primary key (id))
create table stock_item (id bigint generated by default as identity (start with 1), description varchar(255), name varchar(255), price double, quantity integer, primary key (id))
/*C3*/SET SCHEMA PUBLIC
DISCONNECT
/*C4*/DISCONNECT
/*C5*/SET SCHEMA PUBLIC
drop table sold_item if exists
drop table stock_item if exists
create table sold_item (id bigint generated by default as identity (start with 1), name varchar(255), price double, quantity integer, primary key (id))
create table stock_item (id bigint generated by default as identity (start with 1), description varchar(255), name varchar(255), price double, quantity integer, primary key (id))
DISCONNECT
/*C6*/SET SCHEMA PUBLIC
drop table sold_item if exists
drop table stock_item if exists
create table sold_item (id bigint generated by default as identity (start with 1), name varchar(255), price double, quantity integer, primary key (id))
create table stock_item (id bigint generated by default as identity (start with 1), description varchar(255), name varchar(255), price double, quantity integer, primary key (id))
DISCONNECT
